----------------------------------------------------------------------------------------------------------------------------------------------------------------------
      name:  Egresos_Hospitalarios_2008
       log:  C:\Users\nicol\Dropbox\Research Projects\Intergenerational/statalogs/Egresos_Hospitalarios_2008_20210908.log
  log type:  text
 opened on:   8 Sep 2021, 17:24:59
(37 vars, 1,608,540 obs)
ESTABLECIMIENTO_SALUD: all characters numeric; replaced as long
  variable PERTENENCIA_SNSS was long now byte
  (4,825,620 bytes saved)
PAIS_ORIGEN: all characters numeric; replaced as int
  1,608,540
COMUNA_RESIDENCIA: all characters numeric; replaced as long
REGION_RESIDENCIA: all characters numeric; replaced as byte
(0 real changes made)
CODIGO_INTERV_Q_PPAL: all characters numeric; replaced as long
(1132376 missing values generated)
  476,164
CODIGO_PROCED_PPAL: all characters numeric; replaced as byte
(1608540 missing values generated)
  0
  1,459,135
(149,405 missing values generated)
  1,608,540
  variable _DIAG1 was long now int
  (3,217,080 bytes saved)
  variable _GLOSA_DIAG1 was float now int
  (3,217,080 bytes saved)
(23 real changes made)
  variable _DIAG2 was long now int
  (3,217,080 bytes saved)
(1,461,458 missing values generated)
  variable _GLOSA_DIAG2 was float now int
  (3,217,080 bytes saved)
(1 real change made)
  variable FECHA_NACIMIENTO was float now int
  variable FECHA_EGRESO was float now int
  (6,434,160 bytes saved)
file EEHH_2008.dta saved
   8:   1884.21 /        1 =    1884.2130
      name:  Egresos_Hospitalarios_2008
       log:  C:\Users\nicol\Dropbox\Research Projects\Intergenerational/statalogs/Egresos_Hospitalarios_2008_20210908.log
  log type:  text
 closed on:   8 Sep 2021, 17:56:23
----------------------------------------------------------------------------------------------------------------------------------------------------------------------
