----------------------------------------------------------------------------------------------------------------------------------------------------------------------
      name:  Egresos_Hospitalarios_2018
       log:  C:\Users\nicol\Dropbox\Research Projects\Intergenerational/statalogs/Egresos_Hospitalarios_2018_20210908.log
  log type:  text
 opened on:   8 Sep 2021, 22:58:31
(37 vars, 1,669,602 obs)
ESTABLECIMIENTO_SALUD: all characters numeric; replaced as long
  variable PERTENENCIA_SNSS was long now byte
  (5,008,806 bytes saved)
PAIS_ORIGEN: all characters numeric; replaced as int
  1,669,602
COMUNA_RESIDENCIA: all characters numeric; replaced as long
REGION_RESIDENCIA: contains nonnumeric characters; replaced as byte
(2017 missing values generated)
(2,017 real changes made)
CODIGO_INTERV_Q_PPAL: all characters numeric; replaced as long
(918125 missing values generated)
  751,477
CODIGO_PROCED_PPAL: all characters numeric; replaced as long
(1556782 missing values generated)
  112,820
  1,669,600
(2 missing values generated)
  1,669,602
  variable _DIAG1 was long now int
  (3,339,204 bytes saved)
  variable _GLOSA_DIAG1 was float now int
  (3,339,204 bytes saved)
(2,375 real changes made)
  variable _DIAG2 was long now int
  (3,339,204 bytes saved)
(1,515,073 missing values generated)
  variable _GLOSA_DIAG2 was float now int
  (3,339,204 bytes saved)
(0 real changes made)
  variable FECHA_NACIMIENTO was float now int
  variable FECHA_EGRESO was float now int
  (6,678,408 bytes saved)
file EEHH_2018.dta saved
  18:   1951.25 /        1 =    1951.2540
      name:  Egresos_Hospitalarios_2018
       log:  C:\Users\nicol\Dropbox\Research Projects\Intergenerational/statalogs/Egresos_Hospitalarios_2018_20210908.log
  log type:  text
 closed on:   8 Sep 2021, 23:31:02
----------------------------------------------------------------------------------------------------------------------------------------------------------------------
