----------------------------------------------------------------------------------------------------------------------------------------------------------------------
      name:  Egresos_Hospitalarios_2019
       log:  C:\Users\nicol\Dropbox\Research Projects\Intergenerational/statalogs/Egresos_Hospitalarios_2019_20210908.log
  log type:  text
 opened on:   8 Sep 2021, 23:31:02
(37 vars, 1,636,508 obs)
ESTABLECIMIENTO_SALUD: all characters numeric; replaced as long
  variable PERTENENCIA_SNSS was long now byte
  (4,909,524 bytes saved)
PAIS_ORIGEN: all characters numeric; replaced as int
  1,636,508
COMUNA_RESIDENCIA: all characters numeric; replaced as long
(3 missing values generated)
REGION_RESIDENCIA: contains nonnumeric characters; replaced as byte
(3413 missing values generated)
(3,410 real changes made)
CODIGO_INTERV_Q_PPAL: all characters numeric; replaced as long
(912114 missing values generated)
  724,394
CODIGO_PROCED_PPAL: all characters numeric; replaced as long
(1499201 missing values generated)
  137,307
  1,636,508
  1,636,508
  variable _DIAG1 was long now int
  (3,273,016 bytes saved)
  variable _GLOSA_DIAG1 was float now int
  (3,273,016 bytes saved)
(2,453 real changes made)
  variable _DIAG2 was long now int
  (3,273,016 bytes saved)
(1,480,675 missing values generated)
  variable _GLOSA_DIAG2 was float now int
  (3,273,016 bytes saved)
(0 real changes made)
  variable FECHA_NACIMIENTO was float now int
  variable FECHA_EGRESO was float now int
  (6,546,032 bytes saved)
file EEHH_2019.dta saved
  19:   1894.77 /        1 =    1894.7650
      name:  Egresos_Hospitalarios_2019
       log:  C:\Users\nicol\Dropbox\Research Projects\Intergenerational/statalogs/Egresos_Hospitalarios_2019_20210908.log
  log type:  text
 closed on:   9 Sep 2021, 00:02:37
----------------------------------------------------------------------------------------------------------------------------------------------------------------------
