----------------------------------------------------------------------------------------------------------------------------------------------------------------------
      name:  Egresos_Hospitalarios_2014
       log:  C:\Users\nicol\Dropbox\Research Projects\Intergenerational/statalogs/Egresos_Hospitalarios_2014_20210908.log
  log type:  text
 opened on:   8 Sep 2021, 20:42:21
(40 vars, 1,660,151 obs)
(1 real change made)
(1 real change made)
(1 real change made)
(1 real change made)
(1 real change made)
ESTABLECIMIENTO_SALUD: all characters numeric; replaced as long
  variable PERTENENCIA_SNSS was long now byte
  (4,980,453 bytes saved)
PAIS_ORIGEN: all characters numeric; replaced as int
  1,660,151
COMUNA_RESIDENCIA: all characters numeric; replaced as long
REGION_RESIDENCIA: contains nonnumeric characters; replaced as byte
(173 missing values generated)
(173 real changes made)
CODIGO_INTERV_Q_PPAL: all characters numeric; replaced as long
(911578 missing values generated)
  748,573
CODIGO_PROCED_PPAL: all characters numeric; replaced as byte
(1660151 missing values generated)
  0
  1,660,147
(4 missing values generated)
  1,660,151
  variable _DIAG1 was long now int
  (3,320,302 bytes saved)
  variable _GLOSA_DIAG1 was float now int
  (3,320,302 bytes saved)
(34 real changes made)
  variable _DIAG2 was long now int
  (3,320,302 bytes saved)
(1,508,879 missing values generated)
  variable _GLOSA_DIAG2 was float now int
  (3,320,302 bytes saved)
(0 real changes made)
  variable FECHA_NACIMIENTO was float now int
  variable FECHA_EGRESO was float now int
  variable INTERV_Q was str9 now str1
  (19,921,812 bytes saved)
file EEHH_2014.dta saved
  14:   2208.05 /        1 =    2208.0510
      name:  Egresos_Hospitalarios_2014
       log:  C:\Users\nicol\Dropbox\Research Projects\Intergenerational/statalogs/Egresos_Hospitalarios_2014_20210908.log
  log type:  text
 closed on:   8 Sep 2021, 21:19:09
----------------------------------------------------------------------------------------------------------------------------------------------------------------------
