----------------------------------------------------------------------------------------------------------------------------------------------------------------------
      name:  NAC_01_CSV2DTA
       log:  C:\Users\nicol\Dropbox\Research Projects\Intergenerational/statalogs/NAC_01_CSV2DTA_20210908.log
  log type:  text
 opened on:   8 Sep 2021, 00:36:04

.                           
. * Preamble:
. cls

. clear all

. set more off

. 
. * Start timer:
. timer on 1

. 
. * Switch to destination directory:
. cd "$dtadir/DEIS"
C:\Users\nicol\Dropbox\Research Projects\Intergenerational\data\dta\DEIS

. 
. * Import data (original .csv is 1.3gb, so this step may take a while depending
. * on your system)
. import delimited "$rawnaccsv", ///
>         delimiter(";") varnames(2) case(preserve) ///
>         encoding(windows-1252) stringcols(_all)
(35 vars, 6,679,532 obs)

. 
. /* LABEL VARIABLES AND DESTRING ACCORDINGLY */
. label var ID_RECIEN_NACIDO "Identificador único y anónimo de recién nacido vivo"

.         
. destring SEXO, replace
SEXO: all characters numeric; replaced as byte

. label def SEXO 1 "Hombre" 2 "Mujer" 9 "Indeterminado"

. label val SEXO SEXO

. label var SEXO "Código del sexo biológico del recién nacido vivo"

. 
. destring DIA_NAC MES_NAC ANO_NAC, replace
DIA_NAC: all characters numeric; replaced as byte
(56 missing values generated)
MES_NAC: all characters numeric; replaced as byte
(51 missing values generated)
ANO_NAC: all characters numeric; replaced as int

. label var DIA_NAC "Día de la fecha de nacimiento"

. label var MES_NAC "Mes de la fecha de nacimiento"

. label var ANO_NAC "Año de la fecha de nacimiento"

. format ANO_NAC %ty

. 
. * Save database minimum and maximum year:
. sum $byear_var

    Variable |        Obs        Mean    Std. Dev.       Min        Max
-------------+---------------------------------------------------------
     ANO_NAC |  6,679,532    2004.639    7.842644       1992       2018

. scalar min_ano_nac = r(min)

. scalar max_ano_nac = r(max)

. 
. gen FECHA_NACIMIENTO_SIF = date(FECHA_NACIMIENTO, "DMY")
(64 missing values generated)

. order FECHA_NACIMIENTO_SIF, after(FECHA_NACIMIENTO)

. format FECHA_NACIMIENTO_SIF %td

. list FECHA_NACIMIENTO FECHA_NACIMIENTO_SIF in 1/5

     +------------------------+
     | FECHA_NA~O   FECHA_N~F |
     |------------------------|
  1. | 12-12-1995   12dec1995 |
  2. | 19-12-1995   19dec1995 |
  3. | 03-01-1995   03jan1995 |
  4. | 20-03-1993   20mar1993 |
  5. | 19-03-1993   19mar1993 |
     +------------------------+

. drop FECHA_NACIMIENTO

. label var FECHA_NACIMIENTO_SIF "Fecha de nacimiento del recién nacido vivo, en relación DIA_NAC/MES_NAC/ANO_NAC"

. note FECHA_NACIMIENTO_SIF: Variable en formato interno Stata (SIF)

. 
. destring TIPO_PARTO, replace
TIPO_PARTO: all characters numeric; replaced as byte

. label def TIPO_PARTO 1 "Simple" 2 "Doble" 3 "Triple" 4 "Otro" 9 "Ignorado"

. label val TIPO_PARTO TIPO_PARTO

. label var TIPO_PARTO "Tipo de parto"

. 
. destring TIPO_ATEN, replace
TIPO_ATEN: all characters numeric; replaced as byte

. label def TIPO_ATEN 1 "Médico" 2 "Matrona" 3 "Sin Atención Profesional" 4 "Otro Personal de Salud" 9 "Desconocido"

. label val TIPO_ATEN TIPO_ATEN

. label var TIPO_ATEN "Código del profesional de salud que realiza la atención del parto"

. 
. destring PARTO_LOCAL, replace
PARTO_LOCAL: all characters numeric; replaced as byte

. label def PARTO_LOCAL 1 "Hospital o Clínica" 2 "Casa Habitación" 3 "Otro" 9 "Ignorado"

. label val PARTO_LOCAL PARTO_LOCAL

. label var PARTO_LOCAL "Código del lugar donde ocurre el nacimiento"

. 
. destring SEMANAS PESO TALLA, replace
SEMANAS: all characters numeric; replaced as byte
(13624 missing values generated)
PESO: all characters numeric; replaced as int
(11723 missing values generated)
TALLA: all characters numeric; replaced as byte
(17765 missing values generated)

. label var SEMANAS "Semanas de gestación, al momento del nacimiento"

. label var PESO "Peso al nacer en gramos, al momento del nacimiento"

. label var TALLA "Talla en centímetros, al momento del nacimiento"

. 
. destring EDAD_*, replace
EDAD_PADRE: all characters numeric; replaced as byte
(343338 missing values generated)
EDAD_MADRE: all characters numeric; replaced as byte
(1075 missing values generated)

. label var EDAD_MADRE "Edad de la madre en años (declarado)"

. label var EDAD_PADRE "Edad del padre en años (declarado)"

. 
. destring CURSO_*, replace
CURSO_PADRE: all characters numeric; replaced as byte
(1 missing value generated)
CURSO_MADRE: all characters numeric; replaced as byte

. label var CURSO_MADRE "Último curso de instrucción de la madre."

. label var CURSO_PADRE "Último curso de instrucción del padre."

. 
. destring NIVEL_*, replace
NIVEL_PADRE: all characters numeric; replaced as byte
(732826 missing values generated)
NIVEL_MADRE: all characters numeric; replaced as byte
(163 missing values generated)

. label def NIVEL_X 1 "Superior" 2 "Medio" 3 "Secundario" 4 "Básico o primario" 5 "Ninguno" 9 "Ignorado"

. label val NIVEL_* NIVEL_X

. label var NIVEL_PADRE "Código del nivel educacional del padre"

. label var NIVEL_MADRE "Código del nivel educacional de la madre"

. 
. label var ACTIV_PADRE "Código de la actividad del padre"

. label var ACTIV_MADRE "Código de la actividad de la madre"

. label var OCUPA_PADRE "Código de ocupación del padre, está condicionado al código de la  actividad"

. label var OCUPA_MADRE "Código de ocupación de la madre, está condicionado al código de la  actividad"

. label var CATEG_PADRE "Código de la categoría ocupacional del padre (Condicionado a la actividad)"

. note CATEG_PADRE: Full label: "Código de la categoría ocupacional del padre. El código  está condicionado al dato de la  actividad" ($id_user_short on $S_DATE)

. label var CATEG_MADRE "Código de la categoría ocupacional de la madre (Condicionado a la actividad)"

. note CATEG_MADRE: Full label: "Código de la categoría ocupacional de la madre. El código  está condicionado al dato de la  actividad" ($id_user_short on $S_DATE)

. 
. notes ACTIV_PADRE: Revisar ($id_user_short on $S_DATE)

. notes ACTIV_MADRE: Revisar ($id_user_short on $S_DATE)

. notes OCUPA_PADRE: Revisar ($id_user_short on $S_DATE)

. notes OCUPA_MADRE: Revisar ($id_user_short on $S_DATE)

. notes CATEG_PADRE: Revisar ($id_user_short on $S_DATE)

. notes CATEG_MADRE: Revisar ($id_user_short on $S_DATE)

. 
. label var ID_MADRE "Identificador único y anónimo de la madre del recién nacido vivo"

. 
. destring EST_CIV_MADRE, replace
EST_CIV_MADRE: all characters numeric; replaced as byte

. label def EST_CIV_MADRE 1 "Soltera" 2 "Casada" 3 "Viuda" 4 "Divorciada" ///
>         5 "Separada Judicial" 6 "Conviviente Civil" 9 "Ignorado"

. label val EST_CIV_MADRE EST_CIV_MADRE

. label var EST_CIV_MADRE "Estado civil de la madre al momento del nacimiento del recién nacido (declarado)"

. 
. replace NACIONALIDAD_MADRE = strtrim(upper(NACIONALIDAD_MADRE))
(358 real changes made)

. replace NACIONALIDAD_MADRE = "1" if NACIONALIDAD_MADRE == "C"
(4,085,566 real changes made)

. replace NACIONALIDAD_MADRE = "2" if NACIONALIDAD_MADRE == "E"
(121,157 real changes made)

. replace NACIONALIDAD_MADRE = "3" if NACIONALIDAD_MADRE == "N"
(4,481 real changes made)

. destring NACIONALIDAD_MADRE, replace
NACIONALIDAD_MADRE: all characters numeric; replaced as byte
(2468328 missing values generated)

. label def NACIONALIDAD_MADRE 1 "C: Chilena" 2 "E: Extranjera" 3 "N: Nacionalizada"

. label val NACIONALIDAD_MADRE NACIONALIDAD_MADRE

. label var NACIONALIDAD_MADRE "Nacionalidad de la madre"

. 
. label var PAIS_ORIGEN_MADRE "País que informó como origen al momento de solicitar su 1ra cédula (declarada)"

. notes PAIS_ORIGEN_MADRE: Pendiente codificar ($id_user_short on $S_DATE)

. notes PAIS_ORIGEN_MADRE: Full label: "País que informó como origen al momento de solicitar su primera cédula (declarada)" ($id_user_short on $S_DATE)

. 
. destring COMUNA_RESIDENCIA, replace
COMUNA_RESIDENCIA: all characters numeric; replaced as int

. label var COMUNA_RESIDENCIA "Código de la comuna de residencia de la madre (DPA 2018)"

. notes COMUNA_RESIDENCIA: Full label: "Código de la comuna de residencia de la madre, correspondiente la División Político Administrativa 2018 (DPA)." ($id_user_shor
> t on $S_DATE)

. 
. destring REGION_RESIDENCIA, replace
REGION_RESIDENCIA: all characters numeric; replaced as byte

. label var REGION_RESIDENCIA "Código de región de residencia de la madre (DPA 2018)"

. notes REGION_RESIDENCIA: Full label: "Código de región de residencia de la madre, correspondiente la División Político Administrativa 2018 (DPA)." ($id_user_short o
> n $S_DATE)

. 
. label var GLOSA_COMUNA_RESIDENCIA "Nombre de la comuna de residencia de la madre"

. label var GLOSA_REGION_RESIDENCIA "Nombre de región de residencia de la madre"

. 
. destring SERV_RES, replace
SERV_RES: all characters numeric; replaced as byte

. label var SERV_RES "Código del Servicio de Salud asociado a la residencia de la madre"

. 
. label var GLOSA_SERV_RES "Nombre del Servicio de Salud asociado a la residencia de la madre (DPA 2018)"

. notes GLOSA_SERV_RES: Full label: "Nombre del Servicio de Salud asociado a la residencia de la madre, correspondiente la División Político Administrativa 2018 (DPA)
> ." ($id_user_short on $S_DATE)

. 
. destring URBANO_RURAL, replace
URBANO_RURAL: all characters numeric; replaced as byte
(253 missing values generated)

. label def URBANO_RURAL 1 "Urbano" 2 "Rural"

. label val URBANO_RURAL URBANO_RURAL

. label var URBANO_RURAL "Código para identificar el área Urbano Rural"

. 
. /* SAVE FILE WITH GLOSAS */
. * Compress, label, annotate, and save:
. compress
  variable FECHA_NACIMIENTO_SIF was float now int
  (13,359,064 bytes saved)

. label data "Nacimientos `=min_ano_nac'-`=max_ano_nac' en Chile (DEIS)"

. note: Last modified by: $id_user_full ($id_user_email)

. note: Last modification timestamp: $S_DATE at $S_TIME

. note: Fuente: https://deis.minsal.cl/#datosabiertos

. save "${nac_original}.dta", replace
file NAC_1992_2018.dta saved

. 
. /* SAVE FILE WITHOUT GLOSAS */
. * Remove glosa variables and label corresponding variables:
. labmask COMUNA_RESIDENCIA, values(GLOSA_COMUNA_RESIDENCIA)

. note COMUNA_RESIDENCIA: La etiqueta se generó a partir de la variable GLOSA_COMUNA_RESIDENCIA

. drop GLOSA_COMUNA_RESIDENCIA

. 
. labmask REGION_RESIDENCIA, values(GLOSA_REGION_RESIDENCIA)

. note REGION_RESIDENCIA: La etiqueta se generó a partir de la variable GLOSA_REGION_RESIDENCIA

. drop GLOSA_REGION_RESIDENCIA

. 
. labmask SERV_RES, values(GLOSA_SERV_RES)

. note SERV_RES: La etiqueta se generó a partir de la variable GLOSA_SERV_RES

. drop GLOSA_SERV_RES

. 
. * Compress, label, annotate, and save:
. compress
  (0 bytes saved)

. label data "Nacimientos `=min_ano_nac'-`=max_ano_nac' en Chile (DEIS) / Sin Glosas"

. notes drop _dta
  (3 notes dropped)

. note: Last modified by: $id_user_full ($id_user_email)

. note: Last modification timestamp: $S_DATE at $S_TIME

. note: Fuente: https://deis.minsal.cl/#datosabiertos

. save "${nac_original}_NOGLOSAS.dta", replace
file NAC_1992_2018_NOGLOSAS.dta saved

. 
. * Save labels to do file:
. label save using "${labeldos}/(auto)labels_${nac_original}.do", replace
file C:\Users\nicol\Dropbox\Research Projects\Intergenerational/dofiles/labels/(auto)labels_NAC_1992_2018.do saved

. 
. * Final report:
. cls

. describe, fullnames

Contains data from NAC_1992_2018_NOGLOSAS.dta
  obs:     6,679,532                          Nacimientos 1992-2018 en Chile (DEIS) / Sin Glosas
 vars:            32                          8 Sep 2021 00:48
 size: 1,028,647,928                          (_dta has notes)
----------------------------------------------------------------------------------------------------------------------------------------------------------------------
              storage   display    value
variable name   type    format     label      variable label
----------------------------------------------------------------------------------------------------------------------------------------------------------------------
ID_RECIEN_NACIDO
                str40   %40s                  Identificador único y anónimo de recién nacido vivo
SEXO            byte    %13.0g     SEXO       Código del sexo biológico del recién nacido vivo
DIA_NAC         byte    %10.0g                Día de la fecha de nacimiento
MES_NAC         byte    %10.0g                Mes de la fecha de nacimiento
ANO_NAC         int     %ty                   Año de la fecha de nacimiento
FECHA_NACIMIENTO_SIF
                int     %td                 * Fecha de nacimiento del recién nacido vivo, en relación DIA_NAC/MES_NAC/ANO_NAC
TIPO_PARTO      byte    %10.0g     TIPO_PARTO
                                              Tipo de parto
TIPO_ATEN       byte    %25.0g     TIPO_ATEN
                                              Código del profesional de salud que realiza la atención del parto
PARTO_LOCAL     byte    %19.0g     PARTO_LOCAL
                                              Código del lugar donde ocurre el nacimiento
SEMANAS         byte    %10.0g                Semanas de gestación, al momento del nacimiento
PESO            int     %10.0g                Peso al nacer en gramos, al momento del nacimiento
TALLA           byte    %10.0g                Talla en centímetros, al momento del nacimiento
EDAD_PADRE      byte    %10.0g                Edad del padre en años (declarado)
CURSO_PADRE     byte    %10.0g                Último curso de instrucción del padre.
NIVEL_PADRE     byte    %18.0g     NIVEL_X    Código del nivel educacional del padre
ACTIV_PADRE     str1    %9s                 * Código de la actividad del padre
OCUPA_PADRE     str1    %9s                 * Código de ocupación del padre, está condicionado al código de la actividad
CATEG_PADRE     str1    %9s                 * Código de la categoría ocupacional del padre (Condicionado a la actividad)
ID_MADRE        str40   %40s                  Identificador único y anónimo de la madre del recién nacido vivo
EDAD_MADRE      byte    %10.0g                Edad de la madre en años (declarado)
EST_CIV_MADRE   byte    %17.0g     EST_CIV_MADRE
                                              Estado civil de la madre al momento del nacimiento del recién nacido (declarado)
CURSO_MADRE     byte    %10.0g                Último curso de instrucción de la madre.
NIVEL_MADRE     byte    %18.0g     NIVEL_X    Código del nivel educacional de la madre
ACTIV_MADRE     str1    %9s                 * Código de la actividad de la madre
OCUPA_MADRE     str1    %9s                 * Código de ocupación de la madre, está condicionado al código de la actividad
CATEG_MADRE     str1    %9s                 * Código de la categoría ocupacional de la madre (Condicionado a la actividad)
NACIONALIDAD_MADRE
                byte    %16.0g     NACIONALIDAD_MADRE
                                              Nacionalidad de la madre
PAIS_ORIGEN_MADRE
                str41   %41s                * País que informó como origen al momento de solicitar su 1ra cédula (declarada)
COMUNA_RESIDENCIA
                int     %20.0g     COMUNA_RESIDENCIA
                                            * Código de la comuna de residencia de la madre (DPA 2018)
REGION_RESIDENCIA
                byte    %41.0g     REGION_RESIDENCIA
                                            * Código de región de residencia de la madre (DPA 2018)
SERV_RES        byte    %24.0g     SERV_RES * Código del Servicio de Salud asociado a la residencia de la madre
URBANO_RURAL    byte    %10.0g     URBANO_RURAL
                                              Código para identificar el área Urbano Rural
                                            * indicated variables have notes
----------------------------------------------------------------------------------------------------------------------------------------------------------------------
Sorted by: 

. notes _dta

_dta:
  1.  Last modified by: Nicolás A. Lillo Bustos (niclillo@fen.uchile.cl)
  2.  Last modification timestamp:  8 Sep 2021 at 00:48:51
  3.  Fuente: https://deis.minsal.cl/#datosabiertos

. 
. * Stop timer and list:
. timer off 1

. timer list 1
   1:    768.84 /        1 =     768.8360

. 
. * Close log
. log close _all
      name:  NAC_01_CSV2DTA
       log:  C:\Users\nicol\Dropbox\Research Projects\Intergenerational/statalogs/NAC_01_CSV2DTA_20210908.log
  log type:  text
 closed on:   8 Sep 2021, 00:48:53
----------------------------------------------------------------------------------------------------------------------------------------------------------------------
