----------------------------------------------------------------------------------------------------------------------------------------------------------------------
      name:  NAC_REMOVE_DUPSNAMISS
       log:  C:\Users\nicol\Dropbox\Research Projects\Intergenerational/statalogs/NAC_REMOVE_DUPSNAMISS_20210908.log
  log type:  text
 opened on:   8 Sep 2021, 11:31:32

. 
. * Preamble:
. cls

. clear all

. set more off

. 
. * Switch to destination directory:
. cd "$dtadir/DEIS"
C:\Users\nicol\Dropbox\Research Projects\Intergenerational\data\dta\DEIS

. 
. * Load birth data:
. use "${nac_original}_NOGLOSAS.dta", clear
(Nacimientos 1992-2018 en Chile (DEIS) / Sin Glosas)

. 
. * Save database minimum and maximum year:
. sum $byear_var

    Variable |        Obs        Mean    Std. Dev.       Min        Max
-------------+---------------------------------------------------------
     ANO_NAC |  6,679,532    2004.639    7.842644       1992       2018

. scalar min_ano_nac = r(min)

. scalar max_ano_nac = r(max)

. 
. * Drop exact duplicates:
. duplicates drop

Duplicates in terms of all variables

(90 observations deleted)

. 
. * Drop births with NA IDs:
. drop if ID_RECIEN_NACIDO == "NA"
(61,260 observations deleted)

. 
. * Drop missing IDs:
. drop if ID_RECIEN_NACIDO == ""
(27 observations deleted)

. 
. * Drop duplicates in terms of ID_RECIEN_NACIDO:
. duplicates tag ID_RECIEN_NACIDO, gen(dups_IDRN)

Duplicates in terms of ID_RECIEN_NACIDO

. drop if dups_IDRN > 0
(517 observations deleted)

. drop dups_IDRN

. 
. * Compress, label, and save:
. compress
  (0 bytes saved)

. label data "Nacimientos `=min_ano_nac'-`=max_ano_nac' en Chile (DEIS/MINSAL), Sin Duplicados, Sin NAs"

. save "${nac_original}_NOGLOSAS_NODUPS_NONAS.dta", replace
file NAC_1992_2018_NOGLOSAS_NODUPS_NONAS.dta saved

. 
. * Close log:
. log close _all
      name:  NAC_REMOVE_DUPSNAMISS
       log:  C:\Users\nicol\Dropbox\Research Projects\Intergenerational/statalogs/NAC_REMOVE_DUPSNAMISS_20210908.log
  log type:  text
 closed on:   8 Sep 2021, 11:32:29
----------------------------------------------------------------------------------------------------------------------------------------------------------------------
