----------------------------------------------------------------------------------------------------------------------------------------------------------------------
      name:  masterlog
       log:  C:/Users/nicol/Dropbox/Research Projects/Intergenerational/statalogs/nlillob_20210910_g2_talla.log
  log type:  text
 opened on:  10 Sep 2021, 15:53:10

. 
. * Set graph options:
. global gphoptns scheme(lean2) ///
>                                 ytitle("Child's birth length in cm (2nd generation)") ///
>                                 xtitle("Mother's birthweight in grams (1st generation)") ///
>                                 legend(off) ylabel(46(2)52) /*xlabel(1100(100)1900)*/

.                                 
. ////////////////////////////////////////////////////////////////////////////////
> * Change to directory:
. cd "$dtadir/DEIS"
C:\Users\nicol\Dropbox\Research Projects\Intergenerational\data\dta\DEIS

. 
. * Load data:
. use "${lastworkdata}.dta", clear
(Working dataset 10 Sep 2021)

. 
. * Base sample for second generation:
. /* 
> -> children for whom we have mother's birth data:  NAC_mrg_mbdata2main == 3
> -> children of mothers who were between 15 and 45 years old at time of birth: 
>                 NAC_EDAD_MADRE >= 15 & NAC_EDAD_MADRE <= 45
> -> children born from 2007 onwards (only 12 obs between 2001-2006 given above
>  constraints): NAC_ANO_NAC >= 2007
> */
. gen g2smpl = NAC_mrg_mbdata2main == 3 ///
>         & NAC_EDAD_MADRE >= 15 & NAC_EDAD_MADRE <= 45 ///
>         & NAC_ANO_NAC >= 2007

. 
. * Show birth years for cohorts in sample:
. tab NAC_ANO_NAC g2smpl

 Año de la |
  fecha de |        g2smpl
nacimiento |         0          1 |     Total
-----------+----------------------+----------
      1992 |   278,981          0 |   278,981 
      1993 |   275,773          0 |   275,773 
      1994 |   273,757          0 |   273,757 
      1995 |   265,901          0 |   265,901 
      1996 |   264,777          0 |   264,777 
      1997 |   259,975          0 |   259,975 
      1998 |   257,103          0 |   257,103 
      1999 |   250,407          0 |   250,407 
      2000 |   248,869          0 |   248,869 
      2001 |   215,709          0 |   215,709 
      2002 |   212,096          0 |   212,096 
      2003 |   230,470          0 |   230,470 
      2004 |   230,348          0 |   230,348 
      2005 |   230,827          0 |   230,827 
      2006 |   231,378          0 |   231,378 
      2007 |   239,470      1,097 |   240,567 
      2008 |   241,602      4,963 |   246,565 
      2009 |   241,057     11,161 |   252,218 
      2010 |   232,187     18,444 |   250,631 
      2011 |   219,686     27,661 |   247,347 
      2012 |   207,187     36,437 |   243,624 
      2013 |   198,500     43,498 |   241,998 
      2014 |   199,359     51,636 |   250,995 
      2015 |   189,062     55,604 |   244,666 
      2016 |   175,287     56,456 |   231,743 
      2017 |   161,442     57,741 |   219,183 
      2018 |   160,845     60,885 |   221,730 
-----------+----------------------+----------
     Total | 6,192,055    425,583 | 6,617,638 

. 
. * Show birth years for the MOTHERS in the sample:
. tab NAC_ANO_NAC_MADRE g2smpl if birth_order_by_mother_u == 1

    Madre: |
 Año de la |
  fecha de |        g2smpl
nacimiento |         0          1 |     Total
-----------+----------------------+----------
      1992 |       789     64,821 |    65,610 
      1993 |       908     58,448 |    59,356 
      1994 |       904     52,622 |    53,526 
      1995 |       933     44,175 |    45,108 
      1996 |       850     36,726 |    37,576 
      1997 |       876     28,430 |    29,306 
      1998 |       861     20,568 |    21,429 
      1999 |       846     12,856 |    13,702 
      2000 |       720      7,282 |     8,002 
      2001 |       578      3,338 |     3,916 
      2002 |       485      1,395 |     1,880 
      2003 |       347        317 |       664 
      2004 |       230          0 |       230 
      2005 |        33          0 |        33 
      2006 |         3          0 |         3 
-----------+----------------------+----------
     Total |     9,363    330,978 |   340,341 

. 
. * Summarize dependent variable by birth year, restricted to sample:
. tabstat $mydepvar if g2smpl == 1, by(NAC_ANO_NAC) s(N mean min max)

Summary for variables: NAC_TALLA
     by categories of: NAC_ANO_NAC (Año de la fecha de nacimiento)

NAC_ANO~C |         N      mean       min       max
----------+----------------------------------------
     2007 |      1096  49.02464        21        54
     2008 |      4959  49.11857        25        53
     2009 |     11146   49.2653        22        53
     2010 |     18431   49.9018        20        53
     2011 |     27636  49.26487        23        54
     2012 |     36415   49.1718        22        54
     2013 |     43461  49.14875        22        54
     2014 |     51559  49.12299        16        59
     2015 |     55555  49.09155        20        59
     2016 |     56376  49.01552        17        59
     2017 |     57670  49.03014        18        55
     2018 |     60851  48.78811        17        53
----------+----------------------------------------
    Total |    425155  49.09733        16        59
---------------------------------------------------

. 
. * Drop unused observations to speed things up:
. keep if g2smpl == 1
(6,192,055 observations deleted)

. compress
  variable DEF_EDAD_CANT was int now byte
  variable EEHH_nvsts_y07 was int now byte
  variable EEHH_nvsts_y09 was int now byte
  variable EEHH_nvsts_y11 was int now byte
  variable EEHH_nvsts_y12 was int now byte
  variable EEHH_nvsts_y15 was int now byte
  variable EEHH_nvsts_y16 was int now byte
  variable EEHH_nvsts_y17 was int now byte
  variable EEHH_days_y10 was int now byte
  variable EEHH_days_y11 was int now byte
  variable EEHH_days_y12 was int now byte
  variable EEHH_days_y13 was int now byte
  variable EEHH_days_y14 was int now byte
  variable EEHH_days_y15 was int now byte
  variable EEHH_days_y16 was int now byte
  variable EEHH_days_y17 was int now byte
  variable EEHH_days_y18 was int now byte
  variable EEHH_days_y19 was int now byte
  variable EEHH_days_y20 was int now byte
  variable EEHH_days_y21 was int now byte
  variable EEHH_days_y22 was int now byte
  variable EEHH_days_y23 was int now byte
  variable EEHH_days_y24 was int now byte
  variable EEHH_days_y25 was int now byte
  variable EEHH_days_y26 was int now byte
  variable EEHH_days_y27 was int now byte
  variable EEHH_days_s00 was int now byte
  variable EEHH_days_y10_priv was int now byte
  variable EEHH_days_y11_priv was int now byte
  variable EEHH_days_y12_priv was int now byte
  variable EEHH_days_y13_priv was int now byte
  variable EEHH_days_y14_priv was int now byte
  variable EEHH_days_y15_priv was int now byte
  variable EEHH_days_y16_priv was int now byte
  variable EEHH_days_y17_priv was int now byte
  variable EEHH_days_y18_priv was int now byte
  variable EEHH_days_y19_priv was int now byte
  variable EEHH_days_y20_priv was int now byte
  variable EEHH_days_y21_priv was int now byte
  variable EEHH_days_y22_priv was int now byte
  variable EEHH_days_y23_priv was int now byte
  variable EEHH_days_y24_priv was int now byte
  variable EEHH_days_y25_priv was int now byte
  variable EEHH_days_y26_priv was int now byte
  variable EEHH_days_s00_priv was int now byte
  variable EEHH_nvsts_y11_priv was int now byte
  variable EEHH_nvsts_y15_priv was int now byte
  variable EEHH_nvsts_y16_priv was int now byte
  variable EEHH_nvsts_y17_priv was int now byte
  variable EEHH_days_y10_publ was int now byte
  variable EEHH_days_y11_publ was int now byte
  variable EEHH_days_y12_publ was int now byte
  variable EEHH_days_y13_publ was int now byte
  variable EEHH_days_y14_publ was int now byte
  variable EEHH_days_y15_publ was int now byte
  variable EEHH_days_y16_publ was int now byte
  variable EEHH_days_y17_publ was int now byte
  variable EEHH_days_y18_publ was int now byte
  variable EEHH_days_y19_publ was int now byte
  variable EEHH_days_y20_publ was int now byte
  variable EEHH_days_y21_publ was int now byte
  variable EEHH_days_y22_publ was int now byte
  variable EEHH_days_y23_publ was int now byte
  variable EEHH_days_y24_publ was int now byte
  variable EEHH_days_y25_publ was int now byte
  variable EEHH_days_y26_publ was int now byte
  variable EEHH_days_y27_publ was int now byte
  variable EEHH_days_s00_publ was int now byte
  variable EEHH_nvsts_y07_publ was int now byte
  variable EEHH_nvsts_y09_publ was int now byte
  variable EEHH_nvsts_y11_publ was int now byte
  variable EEHH_nvsts_y12_publ was int now byte
  variable EEHH_nvsts_y15_publ was int now byte
  variable EEHH_nvsts_y16_publ was int now byte
  variable hospvsts_by_09 was int now byte
  variable hospvsts_by_10 was int now byte
  variable hospvsts_by_11 was int now byte
  variable hospdays_by_12 was int now byte
  variable hospvsts_by_12 was int now byte
  variable hospdays2_by_12 was int now byte
  variable hospdays_by_13 was int now byte
  variable hospvsts_by_13 was int now byte
  variable hospdays2_by_13 was int now byte
  variable hospdays_by_14 was int now byte
  variable hospvsts_by_14 was int now byte
  variable hospdays2_by_14 was int now byte
  variable hospdays_by_15 was int now byte
  variable hospvsts_by_15 was int now byte
  variable hospdays2_by_15 was int now byte
  variable hospdays_by_16 was int now byte
  variable hospvsts_by_16 was int now byte
  variable hospdays2_by_16 was int now byte
  variable hospdays_by_17 was int now byte
  variable hospvsts_by_17 was int now byte
  variable hospdays2_by_17 was int now byte
  variable hospdays_by_18 was int now byte
  variable hospvsts_by_18 was int now byte
  variable hospdays2_by_18 was int now byte
  variable hospdays_by_19 was int now byte
  variable hospvsts_by_19 was int now byte
  variable hospdays2_by_19 was int now byte
  variable hospdays_by_20 was int now byte
  variable hospvsts_by_20 was int now byte
  variable hospdays2_by_20 was int now byte
  variable hospdays_by_21 was int now byte
  variable hospvsts_by_21 was int now byte
  variable hospdays2_by_21 was int now byte
  variable hospdays_by_22 was int now byte
  variable hospvsts_by_22 was int now byte
  variable hospdays2_by_22 was int now byte
  variable hospdays_by_23 was int now byte
  variable hospvsts_by_23 was int now byte
  variable hospdays2_by_23 was int now byte
  variable hospdays_by_24 was int now byte
  variable hospvsts_by_24 was int now byte
  variable hospdays2_by_24 was int now byte
  variable hospdays_by_25 was int now byte
  variable hospvsts_by_25 was int now byte
  variable hospdays2_by_25 was int now byte
  variable hospdays_by_26 was int now byte
  variable hospvsts_by_26 was int now byte
  variable hospdays2_by_26 was int now byte
  variable hospdays_by_27 was int now byte
  variable hospdays2_by_27 was int now byte
  variable g2smpl was float now byte
  variable NAC_PAIS_ORIGEN_MADRE was str41 now str40
  variable DEF_GLOSA_OCUPACION was str68 now str27
  variable DEF_CODIGO_TERMINO_DIAGNOSTICO_1 was str19 now str16
  variable DEF_CODIGO_TERMINO_DIAGNOSTICO_2 was str19 now str16
  variable DEF_CODIGO_TERMINO_DIAGNOSTICO_4 was str29 now str24
  (76,604,940 bytes saved)

. 
. ////////////////////////////////////////////////////////////////////////////////
> **** RDPLOT GRAPHS ****
. 
. ********************************************************************************
. * Over 32 weeks gestation (of the mother):
. rdbwselect $mydepvar NAC_PESO_MADRE if g2smpl == 1 & sem32m == 1, c(1500)
Mass points detected in the running variable.

Bandwidth estimators for sharp RD local polynomial regression.

       Cutoff c =  | Left of c  Right of c            Number of obs =     421987
-------------------+----------------------            Kernel        = Triangular
     Number of obs |       532      421455            VCE method    =         NN
Min of NAC_PESO_MADRE |   240.000 1500.000
Max of NAC_PESO_MADRE |  1495.000 6480.000
    Order est. (p) |         1           1
    Order bias (q) |         2           2
        Unique obs |       105        1397

Outcome: NAC_TALLA. Running variable: NAC_PESO_MADRE.
--------------------------------------------------------------------------------
                   |         BW est. (h)          |        BW bias (b)
            Method | Left of c         Right of c | Left of c        Right of c
-------------------+------------------------------+-----------------------------
             mserd |   266.890            266.890 |   505.655           505.655
--------------------------------------------------------------------------------
Estimates adjusted for mass points in the running variable.

. scalar RBW_o32 = e(h_mserd)

. scalar LBW_o32 = e(h_mserd)

. scalar maxwt_o32 = 1500 + RBW_o32

. scalar minwt_o32 = 1500 - LBW_o32

. gen optbw_o32 = NAC_PESO_MADRE >= minwt_o32 & NAC_PESO_MADRE <= maxwt_o32

. 
. rdplot $mydepvar NAC_PESO_MADRE ///
>         if optbw_o32 == 1 & g2smpl == 1 & sem32m == 1, ///
>         c(1500) nbins(10) p(2) ///
>         graph_options(${gphoptns} name(${abbrev}_o32_optbw_10bins, replace))
Mass points detected in the running variable.

RD Plot with RD plot with manually set number of bins.

      Cutoff c = 1500 | Left of c  Right of c        Number of obs  =       1367
----------------------+----------------------        Kernel         =    Uniform
        Number of obs |       367        1000
   Eff. Number of obs |       367        1000
  Order poly. fit (p) |         2           2
     BW poly. fit (h) |   265.000     260.000
 Number of bins scale |     1.000       1.000

Outcome: NAC_TALLA. Running variable: NAC_PESO_MADRE.
---------------------------------------------
                      | Left of c  Right of c
----------------------+----------------------
        Bins selected |        10          10
   Average bin length |    26.500      26.000
    Median bin length |    26.500      26.000
----------------------+----------------------
    IMSE-optimal bins |         6           3
  Mimicking Var. bins |        28          22
----------------------+----------------------
Rel. to IMSE-optimal: | 
        Implied scale |     1.667       3.333
    WIMSE var. weight |     0.178       0.026
    WIMSE bias weight |     0.822       0.974
---------------------------------------------


.                                         
. rdplot $mydepvar NAC_PESO_MADRE ///
>         if optbw_o32 == 1 & g2smpl == 1 & sem32m == 1, ///
>         c(1500) nbins(20) p(2) ///
>         graph_options(${gphoptns} name(${abbrev}_o32_optbw_20bins, replace))
Mass points detected in the running variable.

RD Plot with RD plot with manually set number of bins.

      Cutoff c = 1500 | Left of c  Right of c        Number of obs  =       1367
----------------------+----------------------        Kernel         =    Uniform
        Number of obs |       367        1000
   Eff. Number of obs |       367        1000
  Order poly. fit (p) |         2           2
     BW poly. fit (h) |   265.000     260.000
 Number of bins scale |     1.000       1.000

Outcome: NAC_TALLA. Running variable: NAC_PESO_MADRE.
---------------------------------------------
                      | Left of c  Right of c
----------------------+----------------------
        Bins selected |        20          20
   Average bin length |    13.250      13.000
    Median bin length |    13.250      13.000
----------------------+----------------------
    IMSE-optimal bins |         6           3
  Mimicking Var. bins |        28          22
----------------------+----------------------
Rel. to IMSE-optimal: | 
        Implied scale |     3.333       6.667
    WIMSE var. weight |     0.026       0.003
    WIMSE bias weight |     0.974       0.997
---------------------------------------------


.                                         
. rdplot $mydepvar NAC_PESO_MADRE ///
>         if optbw_o32 == 1 & g2smpl == 1 & sem32m == 1, ///
>         c(1500) p(2) ///
>         graph_options(${gphoptns} name(${abbrev}_o32_optbw_optbins, replace))
Mass points detected in the running variable.

RD Plot with evenly spaced mimicking variance number of bins using polynomial regression.

      Cutoff c = 1500 | Left of c  Right of c        Number of obs  =       1367
----------------------+----------------------        Kernel         =    Uniform
        Number of obs |       367        1000
   Eff. Number of obs |       367        1000
  Order poly. fit (p) |         2           2
     BW poly. fit (h) |   265.000     260.000
 Number of bins scale |     1.000       1.000

Outcome: NAC_TALLA. Running variable: NAC_PESO_MADRE.
---------------------------------------------
                      | Left of c  Right of c
----------------------+----------------------
        Bins selected |        28          22
   Average bin length |     9.464      11.818
    Median bin length |     9.464      11.818
----------------------+----------------------
    IMSE-optimal bins |         6           3
  Mimicking Var. bins |        28          22
----------------------+----------------------
Rel. to IMSE-optimal: | 
        Implied scale |     4.667       7.333
    WIMSE var. weight |     0.010       0.003
    WIMSE bias weight |     0.990       0.997
---------------------------------------------


. 
. ********************************************************************************
. * Under 32 weeks gestation (of the mother):
. /* (Note: so few observations that all bin selection procedures yield the same 
> quantity of bins */
. rdbwselect $mydepvar NAC_PESO_MADRE if g2smpl == 1 & sem32m == 0, c(1500)
Mass points detected in the running variable.

Bandwidth estimators for sharp RD local polynomial regression.

       Cutoff c =  | Left of c  Right of c            Number of obs =       1438
-------------------+----------------------            Kernel        = Triangular
     Number of obs |       776         662            VCE method    =         NN
Min of NAC_PESO_MADRE |   600.000 1500.000
Max of NAC_PESO_MADRE |  1490.000 4710.000
    Order est. (p) |         1           1
    Order bias (q) |         2           2
        Unique obs |       125         171

Outcome: NAC_TALLA. Running variable: NAC_PESO_MADRE.
--------------------------------------------------------------------------------
                   |         BW est. (h)          |        BW bias (b)
            Method | Left of c         Right of c | Left of c        Right of c
-------------------+------------------------------+-----------------------------
             mserd |   275.725            275.725 |   412.847           412.847
--------------------------------------------------------------------------------
Estimates adjusted for mass points in the running variable.

. scalar RBW_u32 = e(h_mserd)

. scalar LBW_u32 = e(h_mserd)

. scalar maxwt_u32 = 1500 + RBW_o32

. scalar minwt_u32 = 1500 - LBW_o32

. gen optbw_u32 = NAC_PESO_MADRE >= minwt_u32 & NAC_PESO_MADRE <= maxwt_u32

.                                 
. rdplot $mydepvar NAC_PESO_MADRE ///
>         if optbw_u32 == 1 & g2smpl == 1 & sem32m == 0, ///
>         c(1500) nbins(10) p(2) ///
>         graph_options(${gphoptns} name(${abbrev}_u32_optbw_10bins, replace))
Mass points detected in the running variable.

RD Plot with RD plot with manually set number of bins.

      Cutoff c = 1500 | Left of c  Right of c        Number of obs  =        632
----------------------+----------------------        Kernel         =    Uniform
        Number of obs |       355         277
   Eff. Number of obs |       355         277
  Order poly. fit (p) |         2           2
     BW poly. fit (h) |   264.000     260.000
 Number of bins scale |     1.000       1.000

Outcome: NAC_TALLA. Running variable: NAC_PESO_MADRE.
---------------------------------------------
                      | Left of c  Right of c
----------------------+----------------------
        Bins selected |        10          10
   Average bin length |    26.400      26.000
    Median bin length |    26.400      26.000
----------------------+----------------------
    IMSE-optimal bins |         5           6
  Mimicking Var. bins |        17          23
----------------------+----------------------
Rel. to IMSE-optimal: | 
        Implied scale |     2.000       1.667
    WIMSE var. weight |     0.111       0.178
    WIMSE bias weight |     0.889       0.822
---------------------------------------------


.                                         
. rdplot $mydepvar NAC_PESO_MADRE ///
>         if optbw_u32 == 1 & g2smpl == 1 & sem32m == 0, ///
>         c(1500) nbins(20) p(2) ///
>         graph_options(${gphoptns} name(${abbrev}_u32_optbw_20bins, replace))
Mass points detected in the running variable.

RD Plot with RD plot with manually set number of bins.

      Cutoff c = 1500 | Left of c  Right of c        Number of obs  =        632
----------------------+----------------------        Kernel         =    Uniform
        Number of obs |       355         277
   Eff. Number of obs |       355         277
  Order poly. fit (p) |         2           2
     BW poly. fit (h) |   264.000     260.000
 Number of bins scale |     1.000       1.000

Outcome: NAC_TALLA. Running variable: NAC_PESO_MADRE.
---------------------------------------------
                      | Left of c  Right of c
----------------------+----------------------
        Bins selected |        20          20
   Average bin length |    13.200      13.000
    Median bin length |    13.200      13.000
----------------------+----------------------
    IMSE-optimal bins |         5           6
  Mimicking Var. bins |        17          23
----------------------+----------------------
Rel. to IMSE-optimal: | 
        Implied scale |     4.000       3.333
    WIMSE var. weight |     0.015       0.026
    WIMSE bias weight |     0.985       0.974
---------------------------------------------


.                                         
. rdplot $mydepvar NAC_PESO_MADRE ///
>         if optbw_u32 == 1 & g2smpl == 1 & sem32m == 0, ///
>         c(1500) p(2) ///
>         graph_options(${gphoptns} name(${abbrev}_u32_optbw_optbins, replace))
Mass points detected in the running variable.

RD Plot with evenly spaced mimicking variance number of bins using polynomial regression.

      Cutoff c = 1500 | Left of c  Right of c        Number of obs  =        632
----------------------+----------------------        Kernel         =    Uniform
        Number of obs |       355         277
   Eff. Number of obs |       355         277
  Order poly. fit (p) |         2           2
     BW poly. fit (h) |   264.000     260.000
 Number of bins scale |     1.000       1.000

Outcome: NAC_TALLA. Running variable: NAC_PESO_MADRE.
---------------------------------------------
                      | Left of c  Right of c
----------------------+----------------------
        Bins selected |        17          23
   Average bin length |    15.529      11.304
    Median bin length |    15.529      11.304
----------------------+----------------------
    IMSE-optimal bins |         5           6
  Mimicking Var. bins |        17          23
----------------------+----------------------
Rel. to IMSE-optimal: | 
        Implied scale |     3.400       3.833
    WIMSE var. weight |     0.025       0.017
    WIMSE bias weight |     0.975       0.983
---------------------------------------------


. 
. ////////////////////////////////////////////////////////////////////////////////
> 
. * REGRESSIONS:
. ********************************************************************************
. * Over 32 weeks gestation (of the mother):
. * No controls:
. rdrobust $mydepvar NAC_PESO_MADRE if g2smpl == 1 & sem32m==1, c(1500) scalepar(-1) all
Mass points detected in the running variable.

Sharp RD estimates using local polynomial regression.

   Cutoff c = 1500 | Left of c  Right of c            Number of obs =     421987
-------------------+----------------------            BW type       =      mserd
     Number of obs |       532      421455            Kernel        = Triangular
Eff. Number of obs |       367        1000            VCE method    =         NN
    Order est. (p) |         1           1
    Order bias (q) |         2           2
       BW est. (h) |   266.890     266.890
       BW bias (b) |   505.655     505.655
         rho (h/b) |     0.528       0.528
        Unique obs |       105        1397

Outcome: NAC_TALLA. Running variable: NAC_PESO_MADRE.
--------------------------------------------------------------------------------
            Method |   Coef.    Std. Err.    z     P>|z|    [95% Conf. Interval]
-------------------+------------------------------------------------------------
      Conventional | -.13611     .38142   -0.3569  0.721   -.883673      .611447
    Bias-corrected | -.06432     .38142   -0.1686  0.866   -.811878      .683242
            Robust | -.06432      .4553   -0.1413  0.888   -.956692      .828056
--------------------------------------------------------------------------------
Scale parameter: -1
Estimates adjusted for mass points in the running variable.

. est store ${abbrev}_o32_optbw

. estadd scalar Hopt = e(h_l)

added scalar:
               e(Hopt) =  266.88973

. estadd scalar Nl   = e(N_h_l)

added scalar:
                 e(Nl) =  367

. estadd scalar Nr   = e(N_h_r)

added scalar:
                 e(Nr) =  1000

. local ef = e(N_h_l)+e(N_h_r)

. estadd scalar effopt = `ef'

added scalar:
             e(effopt) =  1367

. sum $mydepvar if optbw_o32 == 1 & g2smpl == 1 & sem32m == 1

    Variable |        Obs        Mean    Std. Dev.       Min        Max
-------------+---------------------------------------------------------
   NAC_TALLA |      1,367    48.53694    2.880475         20         54

. estadd scalar dvmean = r(mean)

added scalar:
             e(dvmean) =  48.536942

. 
. * Heaping control:
. rdrobust $mydepvar NAC_PESO_MADRE if g2smpl == 1 & sem32m==1, c(1500) scalepar(-1) covs(round100m) all
Mass points detected in the running variable.

Covariate-adjusted sharp RD estimates using local polynomial regression.

   Cutoff c = 1500 | Left of c  Right of c            Number of obs =     421987
-------------------+----------------------            BW type       =      mserd
     Number of obs |       532      421455            Kernel        = Triangular
Eff. Number of obs |       365        1000            VCE method    =         NN
    Order est. (p) |         1           1
    Order bias (q) |         2           2
       BW est. (h) |   260.655     260.655
       BW bias (b) |   476.048     476.048
         rho (h/b) |     0.548       0.548
        Unique obs |       105        1397

Outcome: NAC_TALLA. Running variable: NAC_PESO_MADRE.
--------------------------------------------------------------------------------
            Method |   Coef.    Std. Err.    z     P>|z|    [95% Conf. Interval]
-------------------+------------------------------------------------------------
      Conventional | -.29951     .38589   -0.7762  0.438   -1.05585      .456823
    Bias-corrected | -.25171     .38589   -0.6523  0.514   -1.00804      .504628
            Robust | -.25171     .46742   -0.5385  0.590   -1.16783      .664419
--------------------------------------------------------------------------------
Covariate-adjusted estimates. Additional covariates included: 1
Scale parameter: -1
Estimates adjusted for mass points in the running variable.

. est store ${abbrev}_o32_optbw_heaps

. estadd scalar Hopt = e(h_l)

added scalar:
               e(Hopt) =  260.65475

. estadd scalar Nl   = e(N_h_l)

added scalar:
                 e(Nl) =  365

. estadd scalar Nr   = e(N_h_r)

added scalar:
                 e(Nr) =  1000

. local ef = e(N_h_l)+e(N_h_r)

. estadd scalar effopt = `ef'

added scalar:
             e(effopt) =  1365

. sum $mydepvar if optbw_o32 == 1 & g2smpl == 1 & sem32m == 1

    Variable |        Obs        Mean    Std. Dev.       Min        Max
-------------+---------------------------------------------------------
   NAC_TALLA |      1,367    48.53694    2.880475         20         54

. estadd scalar dvmean = r(mean)

added scalar:
             e(dvmean) =  48.536942

. 
. ********************************************************************************
. * Under 32 weeks gestation (of the mother):
. * No controls:
. rdrobust $mydepvar NAC_PESO_MADRE if g2smpl == 1 & sem32m==0, c(1500) scalepar(-1) all
Mass points detected in the running variable.

Sharp RD estimates using local polynomial regression.

   Cutoff c = 1500 | Left of c  Right of c            Number of obs =       1438
-------------------+----------------------            BW type       =      mserd
     Number of obs |       776         662            Kernel        = Triangular
Eff. Number of obs |       363         279            VCE method    =         NN
    Order est. (p) |         1           1
    Order bias (q) |         2           2
       BW est. (h) |   275.725     275.725
       BW bias (b) |   412.847     412.847
         rho (h/b) |     0.668       0.668
        Unique obs |       125         171

Outcome: NAC_TALLA. Running variable: NAC_PESO_MADRE.
--------------------------------------------------------------------------------
            Method |   Coef.    Std. Err.    z     P>|z|    [95% Conf. Interval]
-------------------+------------------------------------------------------------
      Conventional |  .56056     .43559   1.2869   0.198   -.293189      1.41431
    Bias-corrected |  .51459     .43559   1.1814   0.237   -.339157      1.36834
            Robust |  .51459     .51703   0.9953   0.320   -.498776      1.52796
--------------------------------------------------------------------------------
Scale parameter: -1
Estimates adjusted for mass points in the running variable.

. est store ${abbrev}_u32_optbw

. estadd scalar Hopt = e(h_l)

added scalar:
               e(Hopt) =  275.72541

. estadd scalar Nl   = e(N_h_l)

added scalar:
                 e(Nl) =  363

. estadd scalar Nr   = e(N_h_r)

added scalar:
                 e(Nr) =  279

. local ef = e(N_h_l)+e(N_h_r)

. estadd scalar effopt = `ef'

added scalar:
             e(effopt) =  642

. sum $mydepvar if optbw_u32 == 1 & g2smpl == 1 & sem32m == 0

    Variable |        Obs        Mean    Std. Dev.       Min        Max
-------------+---------------------------------------------------------
   NAC_TALLA |        632    48.90665    2.975732         27         56

. estadd scalar dvmean = r(mean)

added scalar:
             e(dvmean) =  48.906646

. 
. * Heaping control:
. rdrobust $mydepvar NAC_PESO_MADRE if g2smpl == 1 & sem32m==0, c(1500) scalepar(-1) covs(round100m) all
Mass points detected in the running variable.

Covariate-adjusted sharp RD estimates using local polynomial regression.

   Cutoff c = 1500 | Left of c  Right of c            Number of obs =       1438
-------------------+----------------------            BW type       =      mserd
     Number of obs |       776         662            Kernel        = Triangular
Eff. Number of obs |       354         277            VCE method    =         NN
    Order est. (p) |         1           1
    Order bias (q) |         2           2
       BW est. (h) |   262.521     262.521
       BW bias (b) |   396.625     396.625
         rho (h/b) |     0.662       0.662
        Unique obs |       125         171

Outcome: NAC_TALLA. Running variable: NAC_PESO_MADRE.
--------------------------------------------------------------------------------
            Method |   Coef.    Std. Err.    z     P>|z|    [95% Conf. Interval]
-------------------+------------------------------------------------------------
      Conventional |  .64331     .44243   1.4540   0.146   -.223836      1.51045
    Bias-corrected |  .60769     .44243   1.3735   0.170   -.259457      1.47483
            Robust |  .60769     .52595   1.1554   0.248   -.423157      1.63853
--------------------------------------------------------------------------------
Covariate-adjusted estimates. Additional covariates included: 1
Scale parameter: -1
Estimates adjusted for mass points in the running variable.

. est store ${abbrev}_u32_optbw_heaps

. estadd scalar Hopt = e(h_l)

added scalar:
               e(Hopt) =  262.52068

. estadd scalar Nl   = e(N_h_l)

added scalar:
                 e(Nl) =  354

. estadd scalar Nr   = e(N_h_r)

added scalar:
                 e(Nr) =  277

. local ef = e(N_h_l) + e(N_h_r)

. estadd scalar effopt = `ef'

added scalar:
             e(effopt) =  631

. sum $mydepvar if optbw_u32 == 1 & g2smpl == 1 & sem32m == 0

    Variable |        Obs        Mean    Std. Dev.       Min        Max
-------------+---------------------------------------------------------
   NAC_TALLA |        632    48.90665    2.975732         27         56

. estadd scalar dvmean = r(mean)

added scalar:
             e(dvmean) =  48.906646

. 
. /*
> gen RD_Estimate = .
> lab var RD_Estimate "Birth weight < 1,500"
> */
. 
. ////////////////////////////////////////////////////////////////////////////////
> * OUTPUTS:
. 
. ********************************************************************************
. * Export graphs as .gph:
. graph dir
    g2_talla_o32_optbw_10bins   g2_talla_o32_optbw_optbins  g2_talla_u32_optbw_20bins
    g2_talla_o32_optbw_20bins   g2_talla_u32_optbw_10bins   g2_talla_u32_optbw_optbins

. foreach g in `r(list)' {
  2.         graph save `g' "$figsdir/`g'.gph", replace
  3. }
(file C:/Users/nicol/Dropbox/Research Projects/Intergenerational/figures/g2_talla_o32_optbw_10bins.gph saved)
(file C:/Users/nicol/Dropbox/Research Projects/Intergenerational/figures/g2_talla_o32_optbw_20bins.gph saved)
(file C:/Users/nicol/Dropbox/Research Projects/Intergenerational/figures/g2_talla_o32_optbw_optbins.gph saved)
(file C:/Users/nicol/Dropbox/Research Projects/Intergenerational/figures/g2_talla_u32_optbw_10bins.gph saved)
(file C:/Users/nicol/Dropbox/Research Projects/Intergenerational/figures/g2_talla_u32_optbw_20bins.gph saved)
(file C:/Users/nicol/Dropbox/Research Projects/Intergenerational/figures/g2_talla_u32_optbw_optbins.gph saved)

. 
. * Export graphs as .eps:
. graph dir
    g2_talla_o32_optbw_10bins   g2_talla_o32_optbw_optbins  g2_talla_u32_optbw_20bins
    g2_talla_o32_optbw_20bins   g2_talla_u32_optbw_10bins   g2_talla_u32_optbw_optbins

. foreach g in `r(list)' {
  2.         graph export "$figsdir/`g'.eps", replace name(`g')
  3. }
(file C:/Users/nicol/Dropbox/Research Projects/Intergenerational/figures/g2_talla_o32_optbw_10bins.eps written in EPS format)
(file C:/Users/nicol/Dropbox/Research Projects/Intergenerational/figures/g2_talla_o32_optbw_20bins.eps written in EPS format)
(file C:/Users/nicol/Dropbox/Research Projects/Intergenerational/figures/g2_talla_o32_optbw_optbins.eps written in EPS format)
(file C:/Users/nicol/Dropbox/Research Projects/Intergenerational/figures/g2_talla_u32_optbw_10bins.eps written in EPS format)
(file C:/Users/nicol/Dropbox/Research Projects/Intergenerational/figures/g2_talla_u32_optbw_20bins.eps written in EPS format)
(file C:/Users/nicol/Dropbox/Research Projects/Intergenerational/figures/g2_talla_u32_optbw_optbins.eps written in EPS format)

. 
. * Export graphs as .png:
. graph dir
    g2_talla_o32_optbw_10bins   g2_talla_o32_optbw_optbins  g2_talla_u32_optbw_20bins
    g2_talla_o32_optbw_20bins   g2_talla_u32_optbw_10bins   g2_talla_u32_optbw_optbins

. foreach g in `r(list)' {
  2.         graph export "$figsdir/`g'.png", replace name(`g')
  3. }
(file C:/Users/nicol/Dropbox/Research Projects/Intergenerational/figures/g2_talla_o32_optbw_10bins.png written in PNG format)
(file C:/Users/nicol/Dropbox/Research Projects/Intergenerational/figures/g2_talla_o32_optbw_20bins.png written in PNG format)
(file C:/Users/nicol/Dropbox/Research Projects/Intergenerational/figures/g2_talla_o32_optbw_optbins.png written in PNG format)
(file C:/Users/nicol/Dropbox/Research Projects/Intergenerational/figures/g2_talla_u32_optbw_10bins.png written in PNG format)
(file C:/Users/nicol/Dropbox/Research Projects/Intergenerational/figures/g2_talla_u32_optbw_20bins.png written in PNG format)
(file C:/Users/nicol/Dropbox/Research Projects/Intergenerational/figures/g2_talla_u32_optbw_optbins.png written in PNG format)

. 
. ********************************************************************************
. * Export results as .ster files:
. 
. estimates dir

-------------------------------------------------------
        name | command      depvar       npar  title 
-------------+-----------------------------------------
g2_talla_o~w | rdrobust     NAC_TALLA       3  
g2_talla_o~s | rdrobust     NAC_TALLA       3  
g2_talla_u~w | rdrobust     NAC_TALLA       3  
g2_talla_u~s | rdrobust     NAC_TALLA       3  
-------------------------------------------------------

. foreach result in `r(names)' {
  2.         estimates restore `result'
  3.         estimates save "$estdir/`result'", replace
  4. }
(results g2_talla_o32_optbw are active now)
file C:/Users/nicol/Dropbox/Research Projects/Intergenerational/results/g2_talla_o32_optbw.ster saved
(results g2_talla_o32_optbw_heaps are active now)
file C:/Users/nicol/Dropbox/Research Projects/Intergenerational/results/g2_talla_o32_optbw_heaps.ster saved
(results g2_talla_u32_optbw are active now)
file C:/Users/nicol/Dropbox/Research Projects/Intergenerational/results/g2_talla_u32_optbw.ster saved
(results g2_talla_u32_optbw_heaps are active now)
file C:/Users/nicol/Dropbox/Research Projects/Intergenerational/results/g2_talla_u32_optbw_heaps.ster saved

. 
. ********************************************************************************
. * TABLES:
. 
. * ${abbrev}_o32_optbw: mother 32+ weeks, optimal bandwidth
. * ${abbrev}_u32_optbw: mother <32 weeks, optimal bandwidth
. * ${abbrev}_o32_optbw_heaps: mother 32+ weeks, optimal bandwidth, control for heaping
. * ${abbrev}_u32_optbw_heaps: mother <32 weeks, optimal bandwidth, control for heaping
. 
. local ests ${abbrev}_o32_optbw ${abbrev}_u32_optbw ${abbrev}_o32_optbw_heaps ${abbrev}_u32_optbw_heaps 

. 
. * Display results:
. esttab `ests', ///
>         cells(b(fmt(%-9.4f) star) se(fmt(%-9.4f) par([ ]) )) label ///
>         nonotes nogaps nonumber collabels(none) modelwidth(12) ///
>         stats(dvmean N Hopt effopt Nl Nr, fmt(%05.3f %12.0gc %5.1f %9.0gc %9.0gc %9.0gc) ///
>       label("Mean of Dep. Var." "Observations" "Optimal Bandwidth" ///
>             "Effective Observations" "Observations (left)" "Observations (right)")) ///
>         starlevel("*" 0.1 "**" 0.05 "***" 0.01) ///
>         mtitles("32+" "<32" "32+" "<32") ///
>         mgroups("No heaping" "Heaping", lhs("Birth Weight < 1500") pattern( 1 0 1 0))

------------------------------------------------------------------------------------
Birth Weight < 1500    No heaping                         Heaping                   
                              32+             <32             32+             <32   
------------------------------------------------------------------------------------
Conventional              -0.1361          0.5606         -0.2995          0.6433   
                         [0.3814]        [0.4356]        [0.3859]        [0.4424]   
Bias-corrected            -0.0643          0.5146         -0.2517          0.6077   
                         [0.3814]        [0.4356]        [0.3859]        [0.4424]   
Robust                    -0.0643          0.5146         -0.2517          0.6077   
                         [0.4553]        [0.5170]        [0.4674]        [0.5260]   
------------------------------------------------------------------------------------
Mean of Dep. Var.          48.537          48.907          48.537          48.907   
Observations              421,987           1,438         421,987           1,438   
Optimal Bandwidth           266.9           275.7           260.7           262.5   
Effective Observat~s        1,367             642           1,365             631   
Observations (left)           367             363             365             354   
Observations (right)        1,000             279           1,000             277   
------------------------------------------------------------------------------------

. 
. * Export results:
. #delimit ;
delimiter now ;
. esttab `ests' using "$tbldir/${abbrev}.tex",
> replace booktabs cells(b(fmt(%-9.4f) star) se(fmt(%-9.4f) par([ ]) )) label
> stats(dvmean N Hopt effopt Nl Nr, fmt(%05.3f %12.0gc %5.1f %9.0gc %9.0gc %9.0gc) 
>       label("\\ Mean of Dep. Var." "Observations" "Optimal Bandwidth" 
>             "Effective Observations" "Observations (left)" "Observations (right)"))
> nonotes nogaps mlabels(, none) nonumbers style(tex) fragment noline /*keep(RD_Estimate)*/
> collabels(none) starlevel("*" 0.1 "**" 0.05 "***" 0.01);
(output written to C:/Users/nicol/Dropbox/Research Projects/Intergenerational/textables/g2_talla.tex)

. #delimit cr
delimiter now cr
. 
. log close _all
      name:  masterlog
       log:  C:/Users/nicol/Dropbox/Research Projects/Intergenerational/statalogs/nlillob_20210910_g2_talla.log
  log type:  text
 closed on:  10 Sep 2021, 15:54:29
----------------------------------------------------------------------------------------------------------------------------------------------------------------------
